0 info it worked if it ends with ok
1 verbose cli [ '/usr/bin/node',
1 verbose cli   '/usr/bin/npm',
1 verbose cli   'install',
1 verbose cli   'mochacli',
1 verbose cli   '--save-dev' ]
2 info using npm@1.4.28
3 info using node@v0.10.38
4 verbose node symlink /usr/bin/node
5 warn package.json Jskeleton@0.0.1 No repository field.
6 verbose readDependencies using package.json deps
7 verbose cache add [ 'mochacli', null ]
8 verbose cache add name=undefined spec="mochacli" args=["mochacli",null]
9 verbose parsed url { protocol: null,
9 verbose parsed url   slashes: null,
9 verbose parsed url   auth: null,
9 verbose parsed url   host: null,
9 verbose parsed url   port: null,
9 verbose parsed url   hostname: null,
9 verbose parsed url   hash: null,
9 verbose parsed url   search: null,
9 verbose parsed url   query: null,
9 verbose parsed url   pathname: 'mochacli',
9 verbose parsed url   path: 'mochacli',
9 verbose parsed url   href: 'mochacli' }
10 silly lockFile c8b6136b-mochacli mochacli
11 verbose lock mochacli /home/jorge-serrano/.npm/c8b6136b-mochacli.lock
12 silly lockFile c8b6136b-mochacli mochacli
13 silly lockFile c8b6136b-mochacli mochacli
14 verbose addNamed [ 'mochacli', '' ]
15 verbose addNamed [ null, '*' ]
16 silly lockFile 398cf148-mochacli mochacli@
17 verbose lock mochacli@ /home/jorge-serrano/.npm/398cf148-mochacli.lock
18 silly addNameRange { name: 'mochacli', range: '*', hasData: false }
19 verbose request where is /mochacli
20 verbose request registry https://registry.npmjs.org/
21 verbose request id 79a0b30092be098f
22 verbose url raw /mochacli
23 verbose url resolving [ 'https://registry.npmjs.org/', './mochacli' ]
24 verbose url resolved https://registry.npmjs.org/mochacli
25 verbose request where is https://registry.npmjs.org/mochacli
26 info trying registry request attempt 1 at 18:25:07
27 http GET https://registry.npmjs.org/mochacli
28 http 404 https://registry.npmjs.org/mochacli
29 verbose headers { date: 'Thu, 23 Apr 2015 16:25:08 GMT',
29 verbose headers   server: 'CouchDB/1.5.0 (Erlang OTP/R16B03)',
29 verbose headers   'content-type': 'application/json',
29 verbose headers   'cache-control': 'max-age=0',
29 verbose headers   'content-length': '51',
29 verbose headers   'accept-ranges': 'bytes',
29 verbose headers   via: '1.1 varnish',
29 verbose headers   age: '0',
29 verbose headers   'x-served-by': 'cache-ams4136-AMS',
29 verbose headers   'x-cache': 'MISS',
29 verbose headers   'x-cache-hits': '0',
29 verbose headers   'x-timer': 'S1429806307.673219,VS0,VE386',
29 verbose headers   'keep-alive': 'timeout=10, max=50',
29 verbose headers   connection: 'Keep-Alive' }
30 silly registry.get cb [ 404,
30 silly registry.get   { date: 'Thu, 23 Apr 2015 16:25:08 GMT',
30 silly registry.get     server: 'CouchDB/1.5.0 (Erlang OTP/R16B03)',
30 silly registry.get     'content-type': 'application/json',
30 silly registry.get     'cache-control': 'max-age=0',
30 silly registry.get     'content-length': '51',
30 silly registry.get     'accept-ranges': 'bytes',
30 silly registry.get     via: '1.1 varnish',
30 silly registry.get     age: '0',
30 silly registry.get     'x-served-by': 'cache-ams4136-AMS',
30 silly registry.get     'x-cache': 'MISS',
30 silly registry.get     'x-cache-hits': '0',
30 silly registry.get     'x-timer': 'S1429806307.673219,VS0,VE386',
30 silly registry.get     'keep-alive': 'timeout=10, max=50',
30 silly registry.get     connection: 'Keep-Alive' } ]
31 silly lockFile 398cf148-mochacli mochacli@
32 silly lockFile 398cf148-mochacli mochacli@
33 error 404 404 Not Found: mochacli
33 error 404
33 error 404 'mochacli' is not in the npm registry.
33 error 404 You should bug the author to publish it
33 error 404 It was specified as a dependency of 'Jskeleton'
33 error 404
33 error 404 Note that you can also install from a
33 error 404 tarball, folder, or http url, or git url.
34 error System Linux 3.13.0-49-generic
35 error command "/usr/bin/node" "/usr/bin/npm" "install" "mochacli" "--save-dev"
36 error cwd /home/jorge-serrano/Proyectos/jskeleton
37 error node -v v0.10.38
38 error npm -v 1.4.28
39 error code E404
40 verbose exit [ 1, true ]
